2019-11-04 18:11:486 INFO  Registration :54 - click on join
2019-11-04 18:11:576 INFO  Registration :59 - enter First name
2019-11-04 18:11:785 INFO  Registration :66 - enter last name
2019-11-04 19:11:144 INFO  Registration :72 - enter address one
2019-11-04 19:11:395 INFO  Registration :78 - enter address two
2019-11-04 19:11:567 INFO  Registration :84 - enter city name
2019-11-04 19:11:731 INFO  Registration :90 - enter post code
2019-11-04 19:11:42 INFO  Registration :96 - enter email
2019-11-04 19:11:201 INFO  Registration :103 - enter password
2019-11-04 19:11:335 INFO  Registration :108 - cick on check box
2019-11-04 19:11:628 INFO  Registration :113 - click on submit button
2019-11-04 19:11:248 INFO  Registration :119 - verify welcome text
2019-11-04 20:11:462 INFO  Login :32 - click on sign in link
2019-11-04 20:11:555 INFO  Login :37 - enter email
2019-11-04 20:11:429 INFO  Login :43 - enter password
2019-11-04 20:11:678 INFO  Login :49 - click on login button
2019-11-04 20:11:559 INFO  Card :21 - click On Card
2019-11-04 20:11:843 INFO  Card :27 - click on Mobile option
2019-11-04 20:11:582 INFO  Card :34 - verify title
2019-11-04 20:11:251 INFO  HomePage :35 - click on cofee
2019-11-04 20:11:614 INFO  HomePage :40 - click on menu
2019-11-04 20:11:939 INFO  HomePage :45 - click on cofee
2019-11-04 20:11:260 INFO  HomePage :50 - click on cofee
2019-11-04 20:11:560 INFO  HomePage :55 - click on responsibility
2019-11-04 20:11:846 INFO  HomePage :60 - click on card
2019-11-04 20:11:60 INFO  Registration :54 - click on join
2019-11-04 20:11:699 INFO  Registration :59 - enter First name
2019-11-04 20:11:925 INFO  Registration :66 - enter last name
2019-11-04 20:11:44 INFO  Registration :72 - enter address one
2019-11-04 20:11:207 INFO  Registration :78 - enter address two
2019-11-04 20:11:308 INFO  Registration :84 - enter city name
2019-11-04 20:11:55 INFO  Registration :90 - enter post code
2019-11-04 20:11:287 INFO  Registration :96 - enter email
2019-11-04 20:11:755 INFO  Registration :103 - enter password
2019-11-04 20:11:937 INFO  Registration :108 - cick on check box
2019-11-04 20:11:386 INFO  Registration :113 - click on submit button
2019-11-04 20:11:360 INFO  Registration :119 - verify welcome text
2019-11-04 20:11:200 INFO  Registration :54 - click on join
2019-11-04 20:11:743 INFO  Registration :59 - enter First name
2019-11-04 20:11:995 INFO  Registration :66 - enter last name
2019-11-04 20:11:99 INFO  Registration :72 - enter address one
2019-11-04 20:11:299 INFO  Registration :78 - enter address two
2019-11-04 20:11:455 INFO  Registration :84 - enter city name
2019-11-04 20:11:651 INFO  Registration :90 - enter post code
2019-11-04 20:11:160 INFO  Registration :96 - enter email
2019-11-04 20:11:379 INFO  Registration :103 - enter password
2019-11-04 20:11:613 INFO  Registration :108 - cick on check box
2019-11-04 20:11:974 INFO  Registration :113 - click on submit button
2019-11-04 20:11:675 INFO  Registration :119 - verify welcome text
2019-11-04 20:11:809 INFO  Login :32 - click on sign in link
2019-11-04 20:11:176 INFO  Login :37 - enter email
2019-11-04 20:11:819 INFO  Login :43 - enter password
2019-11-04 20:11:11 INFO  Login :49 - click on login button
2019-11-04 20:11:745 INFO  Card :21 - click On Card
2019-11-04 20:11:299 INFO  Card :27 - click on Mobile option
2019-11-04 20:11:163 INFO  Card :34 - verify title
2019-11-04 20:11:644 INFO  HomePage :35 - click on cofee
2019-11-04 20:11:948 INFO  HomePage :40 - click on menu
2019-11-04 20:11:249 INFO  HomePage :45 - click on cofee
2019-11-04 20:11:829 INFO  HomePage :50 - click on cofee
2019-11-04 20:11:264 INFO  HomePage :55 - click on responsibility
2019-11-04 20:11:546 INFO  HomePage :60 - click on card
2019-11-04 20:11:661 INFO  Registration :54 - click on join
2019-11-04 20:11:38 INFO  Registration :59 - enter First name
2019-11-04 20:11:220 INFO  Registration :66 - enter last name
2019-11-04 20:11:332 INFO  Registration :72 - enter address one
2019-11-04 20:11:507 INFO  Registration :78 - enter address two
2019-11-04 20:11:780 INFO  Registration :84 - enter city name
2019-11-04 20:11:267 INFO  Registration :90 - enter post code
2019-11-04 20:11:538 INFO  Registration :96 - enter email
2019-11-04 20:11:804 INFO  Registration :103 - enter password
2019-11-04 20:11:03 INFO  Registration :108 - cick on check box
2019-11-04 20:11:362 INFO  Registration :113 - click on submit button
2019-11-04 20:11:09 INFO  Registration :119 - verify welcome text
2019-11-04 20:11:18 INFO  Registration :54 - click on join
2019-11-04 20:11:73 INFO  Registration :59 - enter First name
2019-11-04 20:11:333 INFO  Registration :66 - enter last name
2019-11-04 20:11:423 INFO  Registration :72 - enter address one
2019-11-04 20:11:594 INFO  Registration :78 - enter address two
2019-11-04 20:11:743 INFO  Registration :84 - enter city name
2019-11-04 20:11:915 INFO  Registration :90 - enter post code
2019-11-04 20:11:390 INFO  Registration :96 - enter email
2019-11-04 20:11:561 INFO  Registration :103 - enter password
2019-11-04 20:11:671 INFO  Registration :108 - cick on check box
2019-11-04 20:11:989 INFO  Registration :113 - click on submit button
2019-11-04 20:11:602 INFO  Registration :119 - verify welcome text
