2019-11-03 19:11:628 INFO  HomePage :37 - ---select computer option ---
2019-11-03 19:11:116 INFO  HomePage :42 - ---verify computer option ---
2019-11-03 19:11:138 INFO  HomePage :50 - ---select Electronics option ---
2019-11-03 19:11:353 INFO  HomePage :55 - ---verify Electronics option ---
2019-11-03 19:11:370 INFO  HomePage :63 - ---select Apparel option ---
2019-11-03 19:11:484 INFO  HomePage :68 - ---Verify Apparel option ---
2019-11-03 19:11:503 INFO  HomePage :76 - ---Select Digital Download option ---
2019-11-03 19:11:133 INFO  HomePage :81 - ---Verify Digital Download option ---
2019-11-03 19:11:173 INFO  HomePage :89 - ---Select Books option ---
2019-11-03 19:11:449 INFO  HomePage :94 - ---Verify Books option ---
2019-11-03 19:11:460 INFO  HomePage :102 - ---Select Jewelry option ---
2019-11-03 19:11:621 INFO  HomePage :107 - ---Verify Jewelry option ---
2019-11-03 19:11:634 INFO  HomePage :116 - ---Select GiftCards option ---
2019-11-03 19:11:263 INFO  HomePage :121 - ---verify GiftCards option ---
2019-11-03 19:11:25 INFO  HomePage :37 - ---select computer option ---
2019-11-03 19:11:291 INFO  HomePage :42 - ---verify computer option ---
2019-11-03 19:11:318 INFO  HomePage :50 - ---select Electronics option ---
2019-11-03 19:11:503 INFO  HomePage :55 - ---verify Electronics option ---
2019-11-03 19:11:517 INFO  HomePage :63 - ---select Apparel option ---
2019-11-03 19:11:671 INFO  HomePage :68 - ---Verify Apparel option ---
2019-11-03 19:11:689 INFO  HomePage :76 - ---Select Digital Download option ---
2019-11-03 19:11:885 INFO  HomePage :81 - ---Verify Digital Download option ---
2019-11-03 19:11:906 INFO  HomePage :89 - ---Select Books option ---
2019-11-03 19:11:692 INFO  HomePage :94 - ---Verify Books option ---
2019-11-03 19:11:701 INFO  HomePage :102 - ---Select Jewelry option ---
2019-11-03 19:11:417 INFO  HomePage :107 - ---Verify Jewelry option ---
2019-11-03 19:11:430 INFO  HomePage :116 - ---Select GiftCards option ---
2019-11-03 19:11:116 INFO  HomePage :121 - ---verify GiftCards option ---
2019-11-03 19:11:931 INFO  HomePage :37 - ---select computer option ---
2019-11-03 19:11:705 INFO  HomePage :42 - ---verify computer option ---
2019-11-03 19:11:727 INFO  HomePage :50 - ---select Electronics option ---
2019-11-03 19:11:46 INFO  HomePage :55 - ---verify Electronics option ---
2019-11-03 19:11:62 INFO  HomePage :63 - ---select Apparel option ---
2019-11-03 19:11:792 INFO  HomePage :68 - ---Verify Apparel option ---
2019-11-03 19:11:805 INFO  HomePage :76 - ---Select Digital Download option ---
2019-11-03 19:11:529 INFO  HomePage :81 - ---Verify Digital Download option ---
2019-11-03 19:11:562 INFO  HomePage :89 - ---Select Books option ---
2019-11-03 19:11:293 INFO  HomePage :94 - ---Verify Books option ---
2019-11-03 19:11:302 INFO  HomePage :102 - ---Select Jewelry option ---
2019-11-03 19:11:83 INFO  HomePage :107 - ---Verify Jewelry option ---
2019-11-03 19:11:95 INFO  HomePage :116 - ---Select GiftCards option ---
2019-11-03 19:11:851 INFO  HomePage :121 - ---verify GiftCards option ---
2019-11-03 19:11:236 INFO  HomePage :37 - ---select computer option ---
2019-11-03 19:11:691 INFO  HomePage :42 - ---verify computer option ---
2019-11-03 19:11:711 INFO  HomePage :50 - ---select Electronics option ---
2019-11-03 19:11:250 INFO  HomePage :55 - ---verify Electronics option ---
2019-11-03 19:11:262 INFO  HomePage :63 - ---select Apparel option ---
2019-11-03 19:11:843 INFO  HomePage :68 - ---Verify Apparel option ---
2019-11-03 19:11:861 INFO  HomePage :76 - ---Select Digital Download option ---
2019-11-03 19:11:611 INFO  HomePage :81 - ---Verify Digital Download option ---
2019-11-03 19:11:637 INFO  HomePage :89 - ---Select Books option ---
2019-11-03 19:11:821 INFO  HomePage :94 - ---Verify Books option ---
2019-11-03 19:11:831 INFO  HomePage :102 - ---Select Jewelry option ---
2019-11-03 19:11:389 INFO  HomePage :107 - ---Verify Jewelry option ---
2019-11-03 19:11:403 INFO  HomePage :116 - ---Select GiftCards option ---
2019-11-03 19:11:31 INFO  HomePage :121 - ---verify GiftCards option ---
2019-11-03 20:11:892 INFO  HomePage :37 - ---select computer option ---
2019-11-03 20:11:533 INFO  HomePage :42 - ---verify computer option ---
2019-11-03 20:11:549 INFO  HomePage :50 - ---select Electronics option ---
2019-11-03 20:11:712 INFO  HomePage :55 - ---verify Electronics option ---
2019-11-03 20:11:725 INFO  HomePage :63 - ---select Apparel option ---
2019-11-03 20:11:804 INFO  HomePage :68 - ---Verify Apparel option ---
